<?xml version="1.0" encoding="UTF-8"?>
<testng-results skipped="0" failed="0" total="1" passed="1">
  <reporter-output>
  </reporter-output>
  <suite name="Default suite" duration-ms="1690" started-at="2016-05-29T03:46:56Z" finished-at="2016-05-29T03:46:58Z">
    <groups>
    </groups>
    <test name="Default test" duration-ms="1690" started-at="2016-05-29T03:46:56Z" finished-at="2016-05-29T03:46:58Z">
      <class name="APITesting.com.org.api.JasonServerResquests">
        <test-method status="PASS" signature="test_10()[pri:0, instance:APITesting.com.org.api.JasonServerResquests@6880d5d5]" name="test_10" duration-ms="1673" started-at="2016-05-29T09:16:56Z" finished-at="2016-05-29T09:16:58Z">
          <reporter-output>
          </reporter-output>
        </test-method> <!-- test_10 -->
      </class> <!-- APITesting.com.org.api.JasonServerResquests -->
    </test> <!-- Default test -->
  </suite> <!-- Default suite -->
</testng-results>
